Determining if the pthread_create exist failed with the following output:
Change Dir: /home/sukumar/projects/SFND_Lidar_Obstacle_Detection/src/quiz/cluster/build/CMakeFiles/CMakeTmp

Run Build Command:"/usr/bin/make" "cmTC_87e9a/fast"
/usr/bin/make -f CMakeFiles/cmTC_87e9a.dir/build.make CMakeFiles/cmTC_87e9a.dir/build
make[1]: Entering directory '/home/sukumar/projects/SFND_Lidar_Obstacle_Detection/src/quiz/cluster/build/CMakeFiles/CMakeTmp'
Building C object CMakeFiles/cmTC_87e9a.dir/CheckSymbolExists.c.o
/usr/bin/cc    -o CMakeFiles/cmTC_87e9a.dir/CheckSymbolExists.c.o   -c /home/sukumar/projects/SFND_Lidar_Obstacle_Detection/src/quiz/cluster/build/CMakeFiles/CMakeTmp/CheckSymbolExists.c
Linking C executable cmTC_87e9a
/usr/bin/cmake -E cmake_link_script CMakeFiles/cmTC_87e9a.dir/link.txt --verbose=1
/usr/bin/cc      -rdynamic CMakeFiles/cmTC_87e9a.dir/CheckSymbolExists.c.o  -o cmTC_87e9a 
CMakeFiles/cmTC_87e9a.dir/CheckSymbolExists.c.o: In function `main':
CheckSymbolExists.c:(.text+0x1b): undefined reference to `pthread_create'
collect2: error: ld returned 1 exit status
CMakeFiles/cmTC_87e9a.dir/build.make:97: recipe for target 'cmTC_87e9a' failed
make[1]: *** [cmTC_87e9a] Error 1
make[1]: Leaving directory '/home/sukumar/projects/SFND_Lidar_Obstacle_Detection/src/quiz/cluster/build/CMakeFiles/CMakeTmp'
Makefile:126: recipe for target 'cmTC_87e9a/fast' failed
make: *** [cmTC_87e9a/fast] Error 2

File /home/sukumar/projects/SFND_Lidar_Obstacle_Detection/src/quiz/cluster/build/CMakeFiles/CMakeTmp/CheckSymbolExists.c:
/* */
#include <pthread.h>

int main(int argc, char** argv)
{
  (void)argv;
#ifndef pthread_create
  return ((int*)(&pthread_create))[argc];
#else
  (void)argc;
  return 0;
#endif
}

Determining if the function pthread_create exists in the pthreads failed with the following output:
Change Dir: /home/sukumar/projects/SFND_Lidar_Obstacle_Detection/src/quiz/cluster/build/CMakeFiles/CMakeTmp

Run Build Command:"/usr/bin/make" "cmTC_99a99/fast"
/usr/bin/make -f CMakeFiles/cmTC_99a99.dir/build.make CMakeFiles/cmTC_99a99.dir/build
make[1]: Entering directory '/home/sukumar/projects/SFND_Lidar_Obstacle_Detection/src/quiz/cluster/build/CMakeFiles/CMakeTmp'
Building C object CMakeFiles/cmTC_99a99.dir/CheckFunctionExists.c.o
/usr/bin/cc   -DCHECK_FUNCTION_EXISTS=pthread_create   -o CMakeFiles/cmTC_99a99.dir/CheckFunctionExists.c.o   -c /usr/share/cmake-3.10/Modules/CheckFunctionExists.c
Linking C executable cmTC_99a99
/usr/bin/cmake -E cmake_link_script CMakeFiles/cmTC_99a99.dir/link.txt --verbose=1
/usr/bin/cc  -DCHECK_FUNCTION_EXISTS=pthread_create    -rdynamic CMakeFiles/cmTC_99a99.dir/CheckFunctionExists.c.o  -o cmTC_99a99 -lpthreads 
/usr/bin/ld: cannot find -lpthreads
collect2: error: ld returned 1 exit status
CMakeFiles/cmTC_99a99.dir/build.make:97: recipe for target 'cmTC_99a99' failed
make[1]: *** [cmTC_99a99] Error 1
make[1]: Leaving directory '/home/sukumar/projects/SFND_Lidar_Obstacle_Detection/src/quiz/cluster/build/CMakeFiles/CMakeTmp'
Makefile:126: recipe for target 'cmTC_99a99/fast' failed
make: *** [cmTC_99a99/fast] Error 2


